2021-04-23 13:17:14 [main] ERROR com.epam.task3.factory.CubeFactory - wrong data input. can't define type of shape : type
2021-04-23 13:17:14 [main] ERROR com.epam.task3.factory.CubeFactory - wrong data input. can't define type of shape : type
2021-04-23 13:17:14 [main] ERROR com.epam.task3.factory.CubeFactory - wrong data input. can't define type of shape : type
2021-04-23 13:17:14 [main] ERROR com.epam.task3.factory.CubeFactory - wrong data input. can't define type of shape : type
2021-04-23 13:17:14 [main] ERROR com.epam.task3.factory.CubeFactory - wrong data input. can't define type of shape : type
2021-04-24 12:28:07 [main] ERROR com.epam.task3.factory.CubeFactory - wrong data input. can't define type of shape : type 
2021-04-24 12:28:07 [main] ERROR com.epam.task3.factory.CubeFactory - wrong data input. can't define type of shape : type 
2021-04-24 12:28:07 [main] ERROR com.epam.task3.factory.CubeFactory - wrong data input. can't define type of shape : type 
2021-04-24 12:28:07 [main] ERROR com.epam.task3.factory.CubeFactory - wrong data input. can't define type of shape : type 
2021-04-24 12:28:07 [main] ERROR com.epam.task3.factory.CubeFactory - wrong data input. can't define type of shape : type 
2021-04-24 12:28:15 [main] ERROR com.epam.task3.factory.CubeFactory - wrong data input. can't define type of shape : type 
2021-04-24 12:28:15 [main] ERROR com.epam.task3.factory.CubeFactory - wrong data input. can't define type of shape : type 
2021-04-24 12:28:15 [main] ERROR com.epam.task3.factory.CubeFactory - wrong data input. can't define type of shape : type 
2021-04-24 12:28:15 [main] ERROR com.epam.task3.factory.CubeFactory - wrong data input. can't define type of shape : type 
2021-04-24 12:28:15 [main] ERROR com.epam.task3.factory.CubeFactory - wrong data input. can't define type of shape : type 
2021-04-27 12:12:08 [main] ERROR com.epam.task3.entity.CustomPoint - Clone is not supported
java.lang.CloneNotSupportedException: com.epam.task3.entity.CustomPoint
	at java.lang.Object.clone(Native Method) ~[?:?]
	at com.epam.task3.entity.CustomPoint.clone(CustomPoint.java:84) [classes/:?]
	at com.epam.task3.entity.CubeTest.testGetCenterPoint(CubeTest.java:12) [test-classes/:?]
	at jdk.internal.reflect.NativeMethodAccessorImpl.invoke0(Native Method) ~[?:?]
	at jdk.internal.reflect.NativeMethodAccessorImpl.invoke(NativeMethodAccessorImpl.java:64) ~[?:?]
	at jdk.internal.reflect.DelegatingMethodAccessorImpl.invoke(DelegatingMethodAccessorImpl.java:43) ~[?:?]
	at java.lang.reflect.Method.invoke(Method.java:564) ~[?:?]
	at org.testng.internal.MethodInvocationHelper.invokeMethod(MethodInvocationHelper.java:80) [testng-6.8.jar:?]
	at org.testng.internal.Invoker.invokeMethod(Invoker.java:714) [testng-6.8.jar:?]
	at org.testng.internal.Invoker.invokeTestMethod(Invoker.java:901) [testng-6.8.jar:?]
	at org.testng.internal.Invoker.invokeTestMethods(Invoker.java:1231) [testng-6.8.jar:?]
	at org.testng.internal.TestMethodWorker.invokeTestMethods(TestMethodWorker.java:127) [testng-6.8.jar:?]
	at org.testng.internal.TestMethodWorker.run(TestMethodWorker.java:111) [testng-6.8.jar:?]
	at org.testng.TestRunner.privateRun(TestRunner.java:767) [testng-6.8.jar:?]
	at org.testng.TestRunner.run(TestRunner.java:617) [testng-6.8.jar:?]
	at org.testng.SuiteRunner.runTest(SuiteRunner.java:334) [testng-6.8.jar:?]
	at org.testng.SuiteRunner.runSequentially(SuiteRunner.java:329) [testng-6.8.jar:?]
	at org.testng.SuiteRunner.privateRun(SuiteRunner.java:291) [testng-6.8.jar:?]
	at org.testng.SuiteRunner.run(SuiteRunner.java:240) [testng-6.8.jar:?]
	at org.testng.SuiteRunnerWorker.runSuite(SuiteRunnerWorker.java:52) [testng-6.8.jar:?]
	at org.testng.SuiteRunnerWorker.run(SuiteRunnerWorker.java:86) [testng-6.8.jar:?]
	at org.testng.TestNG.runSuitesSequentially(TestNG.java:1198) [testng-6.8.jar:?]
	at org.testng.TestNG.runSuitesLocally(TestNG.java:1123) [testng-6.8.jar:?]
	at org.testng.TestNG.run(TestNG.java:1031) [testng-6.8.jar:?]
	at com.intellij.rt.testng.IDEARemoteTestNG.run(IDEARemoteTestNG.java:66) [testng-rt.jar:?]
	at com.intellij.rt.testng.RemoteTestNGStarter.main(RemoteTestNGStarter.java:109) [testng-rt.jar:?]
